c:\users\natet_000\workspace\cinder++\cinder-pcl\vc2012\x64\debug\cinder-pcl.lib
c:\users\natet_000\workspace\cinder++\cinder-pcl\vc2012\x64\debug\cinder-pcl.exp
c:\users\natet_000\workspace\cinder++\cinder-pcl\vc2012\x64\debug\kinect2.obj
c:\users\natet_000\workspace\cinder++\cinder-pcl\vc2012\x64\debug\cinder-pcl.obj
c:\users\natet_000\workspace\cinder++\cinder-pcl\vc2012\x64\debug\vc110.pdb
c:\users\natet_000\workspace\cinder++\cinder-pcl\vc2012\x64\debug\cinder-pcl.ilk
c:\users\natet_000\workspace\cinder++\cinder-pcl\vc2012\x64\debug\cinder-pcl.exe
c:\users\natet_000\workspace\cinder++\cinder-pcl\vc2012\x64\debug\cinder-pcl.pdb
c:\users\natet_000\workspace\cinder++\cinder-pcl\vc2012\x64\debug\resources.res
c:\users\natet_000\workspace\cinder++\cinder-pcl\vc2012\x64\debug\cinder-pcl.write.1.tlog
c:\users\natet_000\workspace\cinder++\cinder-pcl\vc2012\x64\debug\cl.command.1.tlog
c:\users\natet_000\workspace\cinder++\cinder-pcl\vc2012\x64\debug\cl.read.1.tlog
c:\users\natet_000\workspace\cinder++\cinder-pcl\vc2012\x64\debug\cl.write.1.tlog
c:\users\natet_000\workspace\cinder++\cinder-pcl\vc2012\x64\debug\link-cvtres.read.1.tlog
c:\users\natet_000\workspace\cinder++\cinder-pcl\vc2012\x64\debug\link-cvtres.write.1.tlog
c:\users\natet_000\workspace\cinder++\cinder-pcl\vc2012\x64\debug\link-rc.read.1.tlog
c:\users\natet_000\workspace\cinder++\cinder-pcl\vc2012\x64\debug\link-rc.write.1.tlog
c:\users\natet_000\workspace\cinder++\cinder-pcl\vc2012\x64\debug\link.command.1.tlog
c:\users\natet_000\workspace\cinder++\cinder-pcl\vc2012\x64\debug\link.read.1.tlog
c:\users\natet_000\workspace\cinder++\cinder-pcl\vc2012\x64\debug\link.write.1.tlog
c:\users\natet_000\workspace\cinder++\cinder-pcl\vc2012\x64\debug\rc.command.1.tlog
c:\users\natet_000\workspace\cinder++\cinder-pcl\vc2012\x64\debug\rc.read.1.tlog
c:\users\natet_000\workspace\cinder++\cinder-pcl\vc2012\x64\debug\rc.write.1.tlog
c:\users\natet_000\workspace\cinder++\cinder-pcl\vc2012\x64\debug\vc110.idb
